Voltage
0x0010 Response [01 03 04 00 00 00 E0 xx xx]	L1		224V
0x0012 Response [01 03 04 00 00 00 E6 xx xx]	L2		230V
0x0014 Response [01 03 04 00 00 00 E2 7A 7A]	L3		226V

Frequency
0x004E Response [01 03 04 00 00 00 E2 7A 7A]		226Hz?!

Current
0x0050 Response [01 03 04 00 00 00 4F xx xx]	L1		0.79A
0x0052 Response [01 03 04 00 00 00 9D xx xx]	L2		1.57A
0x0054 Response [01 03 04 00 00 00 79 xx xx]	L3		1.21A
0x0056 Response [01 03 04 00 00 00 9C FA 5A]	N		1.56A

Power (Wirk)
0x0090 Response [01 03 04 00 00 04 EA xx xx]	L1		0.1258kW
0x0092 Response [01 03 04 00 00 09 FC xx xx]	L2		0.2556kW
0x0094 Response [01 03 04 00 00 0A 4D xx xx]	L3		0.2637kW
0x0096 Response [01 03 04 00 00 19 46 70 51]	Tot		0.6470kW

Apparent Power (Schein)
0x00D0 Response [01 03 04 00 00 05 ED xx xx]	L1		0.1517kVA
0x00D2 Response [01 03 04 00 00 0A DC xx xx]	L2      0.2780kVA
0x00D4 Response [01 03 04 00 00 0A 43 xx xx]	L3      0.2627kVA
0x00D6 Response [01 03 04 00 00 1B 40 F1 33]	Tot		0.6976kVA

Reactive Power (Blind)
0x0110 Response [01 03 04 00 00 00 08 xx xx]	L1		0.08kvar
0x0112 Response [01 03 04 00 00 00 08 xx xx]	L2		0.08kvar
0x0114 Response [01 03 04 00 00 00 03 xx xx]	L3		0.03kvar
0x0116 Response [01 03 04 00 00 00 13 BB FE]	Tot		0.13kvar

Power Factor (cos phi)
0x0150 Response [01 03 04 00 00 03 3F xx xx]	L1		0.831
0x0152 Response [01 03 04 00 00 03 BA xx xx]	L2		0.954
0x0154 Response [01 03 04 00 00 03 E1 xx xx]	L3		0.993
0x0156 Response [01 03 04 00 00 03 BD 3A B2]	Tot		0.957

0x0160 Response [01 03 04 00 0E 13 53 D6 FD]	Import	9224.51kWh
0x0166 Response [01 03 04 00 00 00 00 FA 33]	Export	0kWh

Import Energy Rate
0x07D0 Response [01 03 04 00 0E 13 53 xx xx]	Import Rate 1
0x07D2 Response [01 03 04 00 00 00 00 xx xx]	Import Rate 2
0x07D4 Response [01 03 04 00 00 00 00 xx xx]	Import Rate 3
0x07D6 Response [01 03 04 00 00 00 00 FA 33]	Import Rate 4

Export Energy Rate
0x08D0 Response [01 03 04 00 00 00 00 xx xx]	Export Rate 1
0x08D2 Response [01 03 04 00 00 00 00 xx xx]	Export Rate 2
0x08D4 Response [01 03 04 00 00 00 00 xx xx]	Export Rate 3
0x08D6 Response [01 03 04 00 00 00 00 FA 33]	Export Rate 4

Time
0xF000 Response [01 03 08 53 32 03 06 24 05 14 20 5F 27]
						  ss mm hh w  DD MM YY 20

Last x month positive energy [kWh]
Total, Rate1, 2, 3, 4
0xF111 Response [01 03 14:00 0E 07 49:00 0E 07 49:00 00 00 00:00 00 00 00:00 00 00 00:F4 B7]	9193.69
0xF121 Response [01 03 14:00 0D B0 F8:00 0D B0 F8:00 00 00 00 00 00 00 00 00 00 00 00 4B 10]    8972.72
0xF131 Response [01 03 14:00 0D 2A 77:00 0D 2A 77:00 00 00 00 00 00 00 00 00 00 00 00 60 A8]    8628.39
0xF141 Response [01 03 14:00 0C A5 AC:00 0C A5 AC:00 00 00 00 00 00 00 00 00 00 00 00 07 35]    8288.44
0xF151 Response [01 03 14:00 0C 71 ED:00 0C 71 ED:00 00 00 00 00 00 00 00 00 00 00 00 36 2C]    8155.97
0xF161 Response [01 03 14:00 0C 1C A8:00 0C 1C A8:00 00 00 00 00 00 00 00 00 00 00 00 06 70]    7937.68
0xF171 Response [01 03 14:00 0B 78 01:00 0B 78 01:00 00 00 00 00 00 00 00 00 00 00 00 FD 95]    7516.17
0xF181 Response [01 03 14:00 0A EC DE:00 0A EC DE:00 00 00 00 00 00 00 00 00 00 00 00 BB B5]    7159.98
0xF191 Response [01 03 14:00 0A 6E D6:00 0A 6E D6:00 00 00 00 00 00 00 00 00 00 00 00 29 ED]    6837.34
0xF1A1 Response [01 03 14:00 09 EE 11:00 09 EE 11:00 00 00 00 00 00 00 00 00 00 00 00 6E 4B]    6507.69
0xF1B1 Response [01 03 14:00 09 91 C5:00 09 91 C5:00 00 00 00 00 00 00 00 00 00 00 00 17 15]    6271.41
0xF1C1 Response [01 03 14:00 09 32 FB:00 09 32 FB:00 00 00 00 00 00 00 00 00 00 00 00 41 C2]    6028.75

Last x month reverse energy [kWh]
Total, Rate1, 2, 3, 4
0xF211 Response [01 03 14 00 00 00 00 00 00 00 00 00 00 00 00 00 00 00 00 00 00 00 00 A3 67]
0xF221 Response [01 03 14 00 00 00 00 00 00 00 00 00 00 00 00 00 00 00 00 00 00 00 00 A3 67]
0xF231 Response [01 03 14 00 00 00 00 00 00 00 00 00 00 00 00 00 00 00 00 00 00 00 00 A3 67]
0xF241 Response [01 03 14 00 00 00 00 00 00 00 00 00 00 00 00 00 00 00 00 00 00 00 00 A3 67]
0xF251 Response [01 03 14 00 00 00 00 00 00 00 00 00 00 00 00 00 00 00 00 00 00 00 00 A3 67]
0xF261 Response [01 03 14 00 00 00 00 00 00 00 00 00 00 00 00 00 00 00 00 00 00 00 00 A3 67]
0xF271 Response [01 03 14 00 00 00 00 00 00 00 00 00 00 00 00 00 00 00 00 00 00 00 00 A3 67]
0xF281 Response [01 03 14 00 00 00 00 00 00 00 00 00 00 00 00 00 00 00 00 00 00 00 00 A3 67]
0xF291 Response [01 03 14 00 00 00 00 00 00 00 00 00 00 00 00 00 00 00 00 00 00 00 00 A3 67]
0xF2A1 Response [01 03 14 00 00 00 00 00 00 00 00 00 00 00 00 00 00 00 00 00 00 00 00 A3 67]
0xF2B1 Response [01 03 14 00 00 00 00 00 00 00 00 00 00 00 00 00 00 00 00 00 00 00 00 A3 67]
0xF2C1 Response [01 03 14 00 00 00 00 00 00 00 00 00 00 00 00 00 00 00 00 00 00 00 00 A3 67]

Last x month positive max demand [kW]
Total, Rate1, 2, 3, 4
0xF311 Response [01 03 14:00 00 80 20:00 00 80 20:00 00 00 00 00 00 00 00 00 00 00 00 6D 65]	3.2800
0xF321 Response [01 03 14:00 00 9D 08:00 00 9D 08:00 00 00 00 00 00 00 00 00 00 00 00 18 32]    4.0200
0xF331 Response [01 03 14:00 00 A6 CC:00 00 A6 CC:00 00 00 00 00 00 00 00 00 00 00 00 42 98]    4.2700
0xF341 Response [01 03 14:00 00 79 18:00 00 79 18:00 00 00 00 00 00 00 00 00 00 00 00 B9 44]    3.1000
0xF351 Response [01 03 14:00 00 AC 44:00 00 AC 44:00 00 00 00 00 00 00 00 00 00 00 00 6D EB]    4.4100
0xF361 Response [01 03 14:00 00 92 E0:00 00 92 E0:00 00 00 00 00 00 00 00 00 00 00 00 8B 37]    3.7600
0xF371 Response [01 03 14:00 00 C6 0C:00 00 C6 0C:00 00 00 00 00 00 00 00 00 00 00 00 6D DB]    5.0700
0xF381 Response [01 03 14:00 00 95 38:00 00 95 38:00 00 00 00 00 00 00 00 00 00 00 00 C6 67]    3.8200
0xF391 Response [01 03 14:00 00 A6 68:00 00 A6 68:00 00 00 00 00 00 00 00 00 00 00 00 F6 5E]    4.2600
0xF3A1 Response [01 03 14:00 00 87 8C:00 00 87 8C:00 00 00 00 00 00 00 00 00 00 00 00 F6 9B]    3.4700
0xF3B1 Response [01 03 14:00 00 6F B8:00 00 6F B8:00 00 00 00 00 00 00 00 00 00 00 00 B2 5D]    2.8600
0xF3C1 Response [01 03 14:00 00 8C A0:00 00 8C A0:00 00 00 00 00 00 00 00 00 00 00 00 3C 13]    3.6000

Last x month reverse max demand [kW]
Total, Rate1, 2, 3, 4
0xF411 Response [01 03 14 00 00 00 00 00 00 00 00 00 00 00 00 00 00 00 00 00 00 00 00 A3 67]
0xF421 Response [01 03 14 00 00 00 00 00 00 00 00 00 00 00 00 00 00 00 00 00 00 00 00 A3 67]
0xF431 Response [01 03 14 00 00 00 00 00 00 00 00 00 00 00 00 00 00 00 00 00 00 00 00 A3 67]
0xF441 Response [01 03 14 00 00 00 00 00 00 00 00 00 00 00 00 00 00 00 00 00 00 00 00 A3 67]
0xF451 Response [01 03 14 00 00 00 00 00 00 00 00 00 00 00 00 00 00 00 00 00 00 00 00 A3 67]
0xF461 Response [01 03 14 00 00 00 00 00 00 00 00 00 00 00 00 00 00 00 00 00 00 00 00 A3 67]
0xF471 Response [01 03 14 00 00 00 00 00 00 00 00 00 00 00 00 00 00 00 00 00 00 00 00 A3 67]
0xF481 Response [01 03 14 00 00 00 00 00 00 00 00 00 00 00 00 00 00 00 00 00 00 00 00 A3 67]
0xF491 Response [01 03 14 00 00 00 00 00 00 00 00 00 00 00 00 00 00 00 00 00 00 00 00 A3 67]
0xF4A1 Response [01 03 14 00 00 00 00 00 00 00 00 00 00 00 00 00 00 00 00 00 00 00 00 A3 67]
0xF4B1 Response [01 03 14 00 00 00 00 00 00 00 00 00 00 00 00 00 00 00 00 00 00 00 00 A3 67]
0xF4C1 Response [01 03 14 00 00 00 00 00 00 00 00 00 00 00 00 00 00 00 00 00 00 00 00 A3 67]

Demand Interval, Slide Time, Display Time, Display Interval
0xF500 Response [01 03 04 15:01:60:00 87 FF]

Tariff
0xF700 Response [01 03 1E:01 00 00:01 00 00:01 00 00:01 00 00:01 00 00:01 00 00:01 00 00:01 00 00:01 00 00:01 00 00:5A 92]

Current month positive max demand [kW]
Total, Rate1, 2, 3, 4
0xFA01 Response [01 03 14:00 00 5B CC:00 00 5B CC:00 00 00 00 00 00 00 00 00 00 00 00 1F 39]	2.3500

Current month reverse max demand [kW]
Total, Rate1, 2, 3, 4
0xFB01 Response [01 03 14 00 00 00 00 00 00 00 00 00 00 00 00 00 00 00 00 00 00 00 00 A3 67]
